<?xml version="1.0" encoding="UTF-8"?>
<testng-results skipped="0" failed="0" ignored="0" total="1" passed="1">
  <reporter-output>
  </reporter-output>
  <suite name="Default suite" duration-ms="3012" started-at="2021-09-18T17:21:30 CDT" finished-at="2021-09-18T17:21:33 CDT">
    <groups>
    </groups>
    <test name="Default test" duration-ms="3012" started-at="2021-09-18T17:21:30 CDT" finished-at="2021-09-18T17:21:33 CDT">
      <class name="testNGTest.DropDownHasAllTheMonthsTest">
        <test-method status="PASS" signature="monthDropDown()[pri:0, instance:testNGTest.DropDownHasAllTheMonthsTest@6acdbdf5]" name="monthDropDown" duration-ms="2966" started-at="2021-09-18T17:21:30 CDT" finished-at="2021-09-18T17:21:33 CDT">
          <reporter-output>
          </reporter-output>
        </test-method> <!-- monthDropDown -->
      </class> <!-- testNGTest.DropDownHasAllTheMonthsTest -->
    </test> <!-- Default test -->
  </suite> <!-- Default suite -->
</testng-results>
